[debug] ----------------------------------------------------------------------
[debug] Command:      C:\Program Files (x86)\nodejs\node.exe C:\Users\S\AppData\Roaming\npm\node_modules\firebase-tools\bin\firebase deploy
[debug] CLI Version:  3.1.0
[debug] Platform:     win32
[debug] Node Version: v6.6.0
[debug] Time:         Fri Nov 18 2016 00:22:25 GMT-0500 (Eastern Standard Time)
[debug] ----------------------------------------------------------------------
[debug] 
[error] 
[error] Error: Not in a Firebase app directory (could not locate firebase.json)
[debug] Error: EPERM: operation not permitted, rename 'C:\Users\S\.config\configstore\firebase-tools.json.3893862966' -> 'C:\Users\S\.config\configstore\firebase-tools.json'
    at Error (native)
    at Object.fs.renameSync (fs.js:809:18)
    at Function.writeFileSync [as sync] (C:\Users\S\AppData\Roaming\npm\node_modules\firebase-tools\node_modules\write-file-atomic\index.js:81:8)
    at Object.set (C:\Users\S\AppData\Roaming\npm\node_modules\firebase-tools\node_modules\configstore\index.js:62:21)
    at Object.Configstore.set (C:\Users\S\AppData\Roaming\npm\node_modules\firebase-tools\node_modules\configstore\index.js:93:11)
    at Request._callback (C:\Users\S\AppData\Roaming\npm\node_modules\firebase-tools\lib\fetchMOTD.js:51:19)
    at Request.self.callback (C:\Users\S\AppData\Roaming\npm\node_modules\firebase-tools\node_modules\request\request.js:186:22)
    at emitTwo (events.js:106:13)
    at Request.emit (events.js:191:7)
    at Request.<anonymous> (C:\Users\S\AppData\Roaming\npm\node_modules\firebase-tools\node_modules\request\request.js:1081:10)
