0 info it worked if it ends with ok
1 verbose cli [ 'C:\\Program Files (x86)\\nodejs\\\\node.exe',
1 verbose cli   'C:\\Program Files (x86)\\nodejs\\node_modules\\npm\\bin\\npm-cli.js',
1 verbose cli   'install' ]
2 info using npm@1.3.2
3 info using node@v0.10.13
4 verbose node symlink C:\Program Files (x86)\nodejs\\node.exe
5 verbose readDependencies using package.json deps
6 verbose install where, deps [ 'C:\\Users\\S\\Documents\\GitHub\\BeVertGranola',
6 verbose install   [ '@angular/common',
6 verbose install     '@angular/compiler',
6 verbose install     '@angular/compiler-cli',
6 verbose install     '@angular/core',
6 verbose install     '@angular/forms',
6 verbose install     '@angular/http',
6 verbose install     '@angular/platform-browser',
6 verbose install     '@angular/platform-browser-dynamic',
6 verbose install     '@angular/router',
6 verbose install     '@angular/upgrade',
6 verbose install     'core-js',
6 verbose install     'reflect-metadata',
6 verbose install     'rxjs',
6 verbose install     'systemjs',
6 verbose install     'zone.js',
6 verbose install     'angular2-in-memory-web-api',
6 verbose install     'bootstrap',
6 verbose install     'concurrently',
6 verbose install     'lite-server',
6 verbose install     'typescript',
6 verbose install     'typings' ] ]
7 info preinstall angular2-quickstart@1.0.0
8 verbose readDependencies using package.json deps
9 verbose cache add [ '@angular/common@2.0.0-rc.6', null ]
10 verbose cache add name=undefined spec="@angular/common@2.0.0-rc.6" args=["@angular/common@2.0.0-rc.6",null]
11 verbose parsed url { protocol: null,
11 verbose parsed url   slashes: null,
11 verbose parsed url   auth: null,
11 verbose parsed url   host: null,
11 verbose parsed url   port: null,
11 verbose parsed url   hostname: null,
11 verbose parsed url   hash: null,
11 verbose parsed url   search: null,
11 verbose parsed url   query: null,
11 verbose parsed url   pathname: '@angular/common@2.0.0-rc.6',
11 verbose parsed url   path: '@angular/common@2.0.0-rc.6',
11 verbose parsed url   href: '@angular/common@2.0.0-rc.6' }
12 verbose cache add name="" spec="angular/common@2.0.0-rc.6" args=["","angular/common@2.0.0-rc.6"]
13 verbose parsed url { protocol: null,
13 verbose parsed url   slashes: null,
13 verbose parsed url   auth: null,
13 verbose parsed url   host: null,
13 verbose parsed url   port: null,
13 verbose parsed url   hostname: null,
13 verbose parsed url   hash: null,
13 verbose parsed url   search: null,
13 verbose parsed url   query: null,
13 verbose parsed url   pathname: 'angular/common@2.0.0-rc.6',
13 verbose parsed url   path: 'angular/common@2.0.0-rc.6',
13 verbose parsed url   href: 'angular/common@2.0.0-rc.6' }
14 verbose cache add name="angular/common" spec="2.0.0-rc.6" args=["angular/common","2.0.0-rc.6"]
15 verbose parsed url { protocol: null,
15 verbose parsed url   slashes: null,
15 verbose parsed url   auth: null,
15 verbose parsed url   host: null,
15 verbose parsed url   port: null,
15 verbose parsed url   hostname: null,
15 verbose parsed url   hash: null,
15 verbose parsed url   search: null,
15 verbose parsed url   query: null,
15 verbose parsed url   pathname: '2.0.0-rc.6',
15 verbose parsed url   path: '2.0.0-rc.6',
15 verbose parsed url   href: '2.0.0-rc.6' }
16 verbose addNamed [ 'angular/common', '2.0.0-rc.6' ]
17 verbose addNamed [ '2.0.0-rc.6', '2.0.0-rc.6' ]
18 verbose cache add [ '@angular/compiler@2.0.0-rc.6', null ]
19 verbose cache add name=undefined spec="@angular/compiler@2.0.0-rc.6" args=["@angular/compiler@2.0.0-rc.6",null]
20 verbose parsed url { protocol: null,
20 verbose parsed url   slashes: null,
20 verbose parsed url   auth: null,
20 verbose parsed url   host: null,
20 verbose parsed url   port: null,
20 verbose parsed url   hostname: null,
20 verbose parsed url   hash: null,
20 verbose parsed url   search: null,
20 verbose parsed url   query: null,
20 verbose parsed url   pathname: '@angular/compiler@2.0.0-rc.6',
20 verbose parsed url   path: '@angular/compiler@2.0.0-rc.6',
20 verbose parsed url   href: '@angular/compiler@2.0.0-rc.6' }
21 verbose cache add name="" spec="angular/compiler@2.0.0-rc.6" args=["","angular/compiler@2.0.0-rc.6"]
22 verbose parsed url { protocol: null,
22 verbose parsed url   slashes: null,
22 verbose parsed url   auth: null,
22 verbose parsed url   host: null,
22 verbose parsed url   port: null,
22 verbose parsed url   hostname: null,
22 verbose parsed url   hash: null,
22 verbose parsed url   search: null,
22 verbose parsed url   query: null,
22 verbose parsed url   pathname: 'angular/compiler@2.0.0-rc.6',
22 verbose parsed url   path: 'angular/compiler@2.0.0-rc.6',
22 verbose parsed url   href: 'angular/compiler@2.0.0-rc.6' }
23 verbose cache add name="angular/compiler" spec="2.0.0-rc.6" args=["angular/compiler","2.0.0-rc.6"]
24 verbose parsed url { protocol: null,
24 verbose parsed url   slashes: null,
24 verbose parsed url   auth: null,
24 verbose parsed url   host: null,
24 verbose parsed url   port: null,
24 verbose parsed url   hostname: null,
24 verbose parsed url   hash: null,
24 verbose parsed url   search: null,
24 verbose parsed url   query: null,
24 verbose parsed url   pathname: '2.0.0-rc.6',
24 verbose parsed url   path: '2.0.0-rc.6',
24 verbose parsed url   href: '2.0.0-rc.6' }
25 verbose addNamed [ 'angular/compiler', '2.0.0-rc.6' ]
26 verbose addNamed [ '2.0.0-rc.6', '2.0.0-rc.6' ]
27 verbose cache add [ '@angular/compiler-cli@0.6.0', null ]
28 verbose cache add name=undefined spec="@angular/compiler-cli@0.6.0" args=["@angular/compiler-cli@0.6.0",null]
29 verbose parsed url { protocol: null,
29 verbose parsed url   slashes: null,
29 verbose parsed url   auth: null,
29 verbose parsed url   host: null,
29 verbose parsed url   port: null,
29 verbose parsed url   hostname: null,
29 verbose parsed url   hash: null,
29 verbose parsed url   search: null,
29 verbose parsed url   query: null,
29 verbose parsed url   pathname: '@angular/compiler-cli@0.6.0',
29 verbose parsed url   path: '@angular/compiler-cli@0.6.0',
29 verbose parsed url   href: '@angular/compiler-cli@0.6.0' }
30 verbose cache add name="" spec="angular/compiler-cli@0.6.0" args=["","angular/compiler-cli@0.6.0"]
31 verbose parsed url { protocol: null,
31 verbose parsed url   slashes: null,
31 verbose parsed url   auth: null,
31 verbose parsed url   host: null,
31 verbose parsed url   port: null,
31 verbose parsed url   hostname: null,
31 verbose parsed url   hash: null,
31 verbose parsed url   search: null,
31 verbose parsed url   query: null,
31 verbose parsed url   pathname: 'angular/compiler-cli@0.6.0',
31 verbose parsed url   path: 'angular/compiler-cli@0.6.0',
31 verbose parsed url   href: 'angular/compiler-cli@0.6.0' }
32 verbose cache add name="angular/compiler-cli" spec="0.6.0" args=["angular/compiler-cli","0.6.0"]
33 verbose parsed url { protocol: null,
33 verbose parsed url   slashes: null,
33 verbose parsed url   auth: null,
33 verbose parsed url   host: null,
33 verbose parsed url   port: null,
33 verbose parsed url   hostname: null,
33 verbose parsed url   hash: null,
33 verbose parsed url   search: null,
33 verbose parsed url   query: null,
33 verbose parsed url   pathname: '0.6.0',
33 verbose parsed url   path: '0.6.0',
33 verbose parsed url   href: '0.6.0' }
34 verbose addNamed [ 'angular/compiler-cli', '0.6.0' ]
35 verbose addNamed [ '0.6.0', '0.6.0' ]
36 verbose cache add [ '@angular/core@2.0.0-rc.6', null ]
37 verbose cache add name=undefined spec="@angular/core@2.0.0-rc.6" args=["@angular/core@2.0.0-rc.6",null]
38 verbose parsed url { protocol: null,
38 verbose parsed url   slashes: null,
38 verbose parsed url   auth: null,
38 verbose parsed url   host: null,
38 verbose parsed url   port: null,
38 verbose parsed url   hostname: null,
38 verbose parsed url   hash: null,
38 verbose parsed url   search: null,
38 verbose parsed url   query: null,
38 verbose parsed url   pathname: '@angular/core@2.0.0-rc.6',
38 verbose parsed url   path: '@angular/core@2.0.0-rc.6',
38 verbose parsed url   href: '@angular/core@2.0.0-rc.6' }
39 verbose cache add name="" spec="angular/core@2.0.0-rc.6" args=["","angular/core@2.0.0-rc.6"]
40 verbose parsed url { protocol: null,
40 verbose parsed url   slashes: null,
40 verbose parsed url   auth: null,
40 verbose parsed url   host: null,
40 verbose parsed url   port: null,
40 verbose parsed url   hostname: null,
40 verbose parsed url   hash: null,
40 verbose parsed url   search: null,
40 verbose parsed url   query: null,
40 verbose parsed url   pathname: 'angular/core@2.0.0-rc.6',
40 verbose parsed url   path: 'angular/core@2.0.0-rc.6',
40 verbose parsed url   href: 'angular/core@2.0.0-rc.6' }
41 verbose cache add name="angular/core" spec="2.0.0-rc.6" args=["angular/core","2.0.0-rc.6"]
42 verbose parsed url { protocol: null,
42 verbose parsed url   slashes: null,
42 verbose parsed url   auth: null,
42 verbose parsed url   host: null,
42 verbose parsed url   port: null,
42 verbose parsed url   hostname: null,
42 verbose parsed url   hash: null,
42 verbose parsed url   search: null,
42 verbose parsed url   query: null,
42 verbose parsed url   pathname: '2.0.0-rc.6',
42 verbose parsed url   path: '2.0.0-rc.6',
42 verbose parsed url   href: '2.0.0-rc.6' }
43 verbose addNamed [ 'angular/core', '2.0.0-rc.6' ]
44 verbose addNamed [ '2.0.0-rc.6', '2.0.0-rc.6' ]
45 verbose cache add [ '@angular/forms@2.0.0-rc.6', null ]
46 verbose cache add name=undefined spec="@angular/forms@2.0.0-rc.6" args=["@angular/forms@2.0.0-rc.6",null]
47 verbose parsed url { protocol: null,
47 verbose parsed url   slashes: null,
47 verbose parsed url   auth: null,
47 verbose parsed url   host: null,
47 verbose parsed url   port: null,
47 verbose parsed url   hostname: null,
47 verbose parsed url   hash: null,
47 verbose parsed url   search: null,
47 verbose parsed url   query: null,
47 verbose parsed url   pathname: '@angular/forms@2.0.0-rc.6',
47 verbose parsed url   path: '@angular/forms@2.0.0-rc.6',
47 verbose parsed url   href: '@angular/forms@2.0.0-rc.6' }
48 verbose cache add name="" spec="angular/forms@2.0.0-rc.6" args=["","angular/forms@2.0.0-rc.6"]
49 verbose parsed url { protocol: null,
49 verbose parsed url   slashes: null,
49 verbose parsed url   auth: null,
49 verbose parsed url   host: null,
49 verbose parsed url   port: null,
49 verbose parsed url   hostname: null,
49 verbose parsed url   hash: null,
49 verbose parsed url   search: null,
49 verbose parsed url   query: null,
49 verbose parsed url   pathname: 'angular/forms@2.0.0-rc.6',
49 verbose parsed url   path: 'angular/forms@2.0.0-rc.6',
49 verbose parsed url   href: 'angular/forms@2.0.0-rc.6' }
50 verbose cache add name="angular/forms" spec="2.0.0-rc.6" args=["angular/forms","2.0.0-rc.6"]
51 verbose parsed url { protocol: null,
51 verbose parsed url   slashes: null,
51 verbose parsed url   auth: null,
51 verbose parsed url   host: null,
51 verbose parsed url   port: null,
51 verbose parsed url   hostname: null,
51 verbose parsed url   hash: null,
51 verbose parsed url   search: null,
51 verbose parsed url   query: null,
51 verbose parsed url   pathname: '2.0.0-rc.6',
51 verbose parsed url   path: '2.0.0-rc.6',
51 verbose parsed url   href: '2.0.0-rc.6' }
52 verbose addNamed [ 'angular/forms', '2.0.0-rc.6' ]
53 verbose addNamed [ '2.0.0-rc.6', '2.0.0-rc.6' ]
54 verbose cache add [ '@angular/http@2.0.0-rc.6', null ]
55 verbose cache add name=undefined spec="@angular/http@2.0.0-rc.6" args=["@angular/http@2.0.0-rc.6",null]
56 verbose parsed url { protocol: null,
56 verbose parsed url   slashes: null,
56 verbose parsed url   auth: null,
56 verbose parsed url   host: null,
56 verbose parsed url   port: null,
56 verbose parsed url   hostname: null,
56 verbose parsed url   hash: null,
56 verbose parsed url   search: null,
56 verbose parsed url   query: null,
56 verbose parsed url   pathname: '@angular/http@2.0.0-rc.6',
56 verbose parsed url   path: '@angular/http@2.0.0-rc.6',
56 verbose parsed url   href: '@angular/http@2.0.0-rc.6' }
57 verbose cache add name="" spec="angular/http@2.0.0-rc.6" args=["","angular/http@2.0.0-rc.6"]
58 verbose parsed url { protocol: null,
58 verbose parsed url   slashes: null,
58 verbose parsed url   auth: null,
58 verbose parsed url   host: null,
58 verbose parsed url   port: null,
58 verbose parsed url   hostname: null,
58 verbose parsed url   hash: null,
58 verbose parsed url   search: null,
58 verbose parsed url   query: null,
58 verbose parsed url   pathname: 'angular/http@2.0.0-rc.6',
58 verbose parsed url   path: 'angular/http@2.0.0-rc.6',
58 verbose parsed url   href: 'angular/http@2.0.0-rc.6' }
59 verbose cache add name="angular/http" spec="2.0.0-rc.6" args=["angular/http","2.0.0-rc.6"]
60 verbose parsed url { protocol: null,
60 verbose parsed url   slashes: null,
60 verbose parsed url   auth: null,
60 verbose parsed url   host: null,
60 verbose parsed url   port: null,
60 verbose parsed url   hostname: null,
60 verbose parsed url   hash: null,
60 verbose parsed url   search: null,
60 verbose parsed url   query: null,
60 verbose parsed url   pathname: '2.0.0-rc.6',
60 verbose parsed url   path: '2.0.0-rc.6',
60 verbose parsed url   href: '2.0.0-rc.6' }
61 verbose addNamed [ 'angular/http', '2.0.0-rc.6' ]
62 verbose addNamed [ '2.0.0-rc.6', '2.0.0-rc.6' ]
63 verbose cache add [ '@angular/platform-browser@2.0.0-rc.6', null ]
64 verbose cache add name=undefined spec="@angular/platform-browser@2.0.0-rc.6" args=["@angular/platform-browser@2.0.0-rc.6",null]
65 verbose parsed url { protocol: null,
65 verbose parsed url   slashes: null,
65 verbose parsed url   auth: null,
65 verbose parsed url   host: null,
65 verbose parsed url   port: null,
65 verbose parsed url   hostname: null,
65 verbose parsed url   hash: null,
65 verbose parsed url   search: null,
65 verbose parsed url   query: null,
65 verbose parsed url   pathname: '@angular/platform-browser@2.0.0-rc.6',
65 verbose parsed url   path: '@angular/platform-browser@2.0.0-rc.6',
65 verbose parsed url   href: '@angular/platform-browser@2.0.0-rc.6' }
66 verbose cache add name="" spec="angular/platform-browser@2.0.0-rc.6" args=["","angular/platform-browser@2.0.0-rc.6"]
67 verbose parsed url { protocol: null,
67 verbose parsed url   slashes: null,
67 verbose parsed url   auth: null,
67 verbose parsed url   host: null,
67 verbose parsed url   port: null,
67 verbose parsed url   hostname: null,
67 verbose parsed url   hash: null,
67 verbose parsed url   search: null,
67 verbose parsed url   query: null,
67 verbose parsed url   pathname: 'angular/platform-browser@2.0.0-rc.6',
67 verbose parsed url   path: 'angular/platform-browser@2.0.0-rc.6',
67 verbose parsed url   href: 'angular/platform-browser@2.0.0-rc.6' }
68 verbose cache add name="angular/platform-browser" spec="2.0.0-rc.6" args=["angular/platform-browser","2.0.0-rc.6"]
69 verbose parsed url { protocol: null,
69 verbose parsed url   slashes: null,
69 verbose parsed url   auth: null,
69 verbose parsed url   host: null,
69 verbose parsed url   port: null,
69 verbose parsed url   hostname: null,
69 verbose parsed url   hash: null,
69 verbose parsed url   search: null,
69 verbose parsed url   query: null,
69 verbose parsed url   pathname: '2.0.0-rc.6',
69 verbose parsed url   path: '2.0.0-rc.6',
69 verbose parsed url   href: '2.0.0-rc.6' }
70 verbose addNamed [ 'angular/platform-browser', '2.0.0-rc.6' ]
71 verbose addNamed [ '2.0.0-rc.6', '2.0.0-rc.6' ]
72 verbose cache add [ '@angular/platform-browser-dynamic@2.0.0-rc.6', null ]
73 verbose cache add name=undefined spec="@angular/platform-browser-dynamic@2.0.0-rc.6" args=["@angular/platform-browser-dynamic@2.0.0-rc.6",null]
74 verbose parsed url { protocol: null,
74 verbose parsed url   slashes: null,
74 verbose parsed url   auth: null,
74 verbose parsed url   host: null,
74 verbose parsed url   port: null,
74 verbose parsed url   hostname: null,
74 verbose parsed url   hash: null,
74 verbose parsed url   search: null,
74 verbose parsed url   query: null,
74 verbose parsed url   pathname: '@angular/platform-browser-dynamic@2.0.0-rc.6',
74 verbose parsed url   path: '@angular/platform-browser-dynamic@2.0.0-rc.6',
74 verbose parsed url   href: '@angular/platform-browser-dynamic@2.0.0-rc.6' }
75 verbose cache add name="" spec="angular/platform-browser-dynamic@2.0.0-rc.6" args=["","angular/platform-browser-dynamic@2.0.0-rc.6"]
76 verbose parsed url { protocol: null,
76 verbose parsed url   slashes: null,
76 verbose parsed url   auth: null,
76 verbose parsed url   host: null,
76 verbose parsed url   port: null,
76 verbose parsed url   hostname: null,
76 verbose parsed url   hash: null,
76 verbose parsed url   search: null,
76 verbose parsed url   query: null,
76 verbose parsed url   pathname: 'angular/platform-browser-dynamic@2.0.0-rc.6',
76 verbose parsed url   path: 'angular/platform-browser-dynamic@2.0.0-rc.6',
76 verbose parsed url   href: 'angular/platform-browser-dynamic@2.0.0-rc.6' }
77 verbose cache add name="angular/platform-browser-dynamic" spec="2.0.0-rc.6" args=["angular/platform-browser-dynamic","2.0.0-rc.6"]
78 verbose parsed url { protocol: null,
78 verbose parsed url   slashes: null,
78 verbose parsed url   auth: null,
78 verbose parsed url   host: null,
78 verbose parsed url   port: null,
78 verbose parsed url   hostname: null,
78 verbose parsed url   hash: null,
78 verbose parsed url   search: null,
78 verbose parsed url   query: null,
78 verbose parsed url   pathname: '2.0.0-rc.6',
78 verbose parsed url   path: '2.0.0-rc.6',
78 verbose parsed url   href: '2.0.0-rc.6' }
79 verbose addNamed [ 'angular/platform-browser-dynamic', '2.0.0-rc.6' ]
80 verbose addNamed [ '2.0.0-rc.6', '2.0.0-rc.6' ]
81 verbose cache add [ '@angular/router@3.0.0-rc.2', null ]
82 verbose cache add name=undefined spec="@angular/router@3.0.0-rc.2" args=["@angular/router@3.0.0-rc.2",null]
83 verbose parsed url { protocol: null,
83 verbose parsed url   slashes: null,
83 verbose parsed url   auth: null,
83 verbose parsed url   host: null,
83 verbose parsed url   port: null,
83 verbose parsed url   hostname: null,
83 verbose parsed url   hash: null,
83 verbose parsed url   search: null,
83 verbose parsed url   query: null,
83 verbose parsed url   pathname: '@angular/router@3.0.0-rc.2',
83 verbose parsed url   path: '@angular/router@3.0.0-rc.2',
83 verbose parsed url   href: '@angular/router@3.0.0-rc.2' }
84 verbose cache add name="" spec="angular/router@3.0.0-rc.2" args=["","angular/router@3.0.0-rc.2"]
85 verbose parsed url { protocol: null,
85 verbose parsed url   slashes: null,
85 verbose parsed url   auth: null,
85 verbose parsed url   host: null,
85 verbose parsed url   port: null,
85 verbose parsed url   hostname: null,
85 verbose parsed url   hash: null,
85 verbose parsed url   search: null,
85 verbose parsed url   query: null,
85 verbose parsed url   pathname: 'angular/router@3.0.0-rc.2',
85 verbose parsed url   path: 'angular/router@3.0.0-rc.2',
85 verbose parsed url   href: 'angular/router@3.0.0-rc.2' }
86 verbose cache add name="angular/router" spec="3.0.0-rc.2" args=["angular/router","3.0.0-rc.2"]
87 verbose parsed url { protocol: null,
87 verbose parsed url   slashes: null,
87 verbose parsed url   auth: null,
87 verbose parsed url   host: null,
87 verbose parsed url   port: null,
87 verbose parsed url   hostname: null,
87 verbose parsed url   hash: null,
87 verbose parsed url   search: null,
87 verbose parsed url   query: null,
87 verbose parsed url   pathname: '3.0.0-rc.2',
87 verbose parsed url   path: '3.0.0-rc.2',
87 verbose parsed url   href: '3.0.0-rc.2' }
88 verbose addNamed [ 'angular/router', '3.0.0-rc.2' ]
89 verbose addNamed [ '3.0.0-rc.2', '3.0.0-rc.2' ]
90 verbose cache add [ '@angular/upgrade@2.0.0-rc.6', null ]
91 verbose cache add name=undefined spec="@angular/upgrade@2.0.0-rc.6" args=["@angular/upgrade@2.0.0-rc.6",null]
92 verbose parsed url { protocol: null,
92 verbose parsed url   slashes: null,
92 verbose parsed url   auth: null,
92 verbose parsed url   host: null,
92 verbose parsed url   port: null,
92 verbose parsed url   hostname: null,
92 verbose parsed url   hash: null,
92 verbose parsed url   search: null,
92 verbose parsed url   query: null,
92 verbose parsed url   pathname: '@angular/upgrade@2.0.0-rc.6',
92 verbose parsed url   path: '@angular/upgrade@2.0.0-rc.6',
92 verbose parsed url   href: '@angular/upgrade@2.0.0-rc.6' }
93 verbose cache add name="" spec="angular/upgrade@2.0.0-rc.6" args=["","angular/upgrade@2.0.0-rc.6"]
94 verbose parsed url { protocol: null,
94 verbose parsed url   slashes: null,
94 verbose parsed url   auth: null,
94 verbose parsed url   host: null,
94 verbose parsed url   port: null,
94 verbose parsed url   hostname: null,
94 verbose parsed url   hash: null,
94 verbose parsed url   search: null,
94 verbose parsed url   query: null,
94 verbose parsed url   pathname: 'angular/upgrade@2.0.0-rc.6',
94 verbose parsed url   path: 'angular/upgrade@2.0.0-rc.6',
94 verbose parsed url   href: 'angular/upgrade@2.0.0-rc.6' }
95 verbose cache add name="angular/upgrade" spec="2.0.0-rc.6" args=["angular/upgrade","2.0.0-rc.6"]
96 verbose parsed url { protocol: null,
96 verbose parsed url   slashes: null,
96 verbose parsed url   auth: null,
96 verbose parsed url   host: null,
96 verbose parsed url   port: null,
96 verbose parsed url   hostname: null,
96 verbose parsed url   hash: null,
96 verbose parsed url   search: null,
96 verbose parsed url   query: null,
96 verbose parsed url   pathname: '2.0.0-rc.6',
96 verbose parsed url   path: '2.0.0-rc.6',
96 verbose parsed url   href: '2.0.0-rc.6' }
97 verbose addNamed [ 'angular/upgrade', '2.0.0-rc.6' ]
98 verbose addNamed [ '2.0.0-rc.6', '2.0.0-rc.6' ]
99 verbose cache add [ 'core-js@^2.4.1', null ]
100 verbose cache add name=undefined spec="core-js@^2.4.1" args=["core-js@^2.4.1",null]
101 verbose parsed url { protocol: null,
101 verbose parsed url   slashes: null,
101 verbose parsed url   auth: null,
101 verbose parsed url   host: null,
101 verbose parsed url   port: null,
101 verbose parsed url   hostname: null,
101 verbose parsed url   hash: null,
101 verbose parsed url   search: null,
101 verbose parsed url   query: null,
101 verbose parsed url   pathname: 'core-js@^2.4.1',
101 verbose parsed url   path: 'core-js@^2.4.1',
101 verbose parsed url   href: 'core-js@^2.4.1' }
102 verbose cache add name="core-js" spec="^2.4.1" args=["core-js","^2.4.1"]
103 verbose parsed url { protocol: null,
103 verbose parsed url   slashes: null,
103 verbose parsed url   auth: null,
103 verbose parsed url   host: null,
103 verbose parsed url   port: null,
103 verbose parsed url   hostname: null,
103 verbose parsed url   hash: null,
103 verbose parsed url   search: null,
103 verbose parsed url   query: null,
103 verbose parsed url   pathname: '^2.4.1',
103 verbose parsed url   path: '^2.4.1',
103 verbose parsed url   href: '^2.4.1' }
104 verbose addNamed [ 'core-js', '^2.4.1' ]
105 verbose addNamed [ null, null ]
106 verbose cache add [ 'reflect-metadata@^0.1.3', null ]
107 verbose cache add name=undefined spec="reflect-metadata@^0.1.3" args=["reflect-metadata@^0.1.3",null]
108 verbose parsed url { protocol: null,
108 verbose parsed url   slashes: null,
108 verbose parsed url   auth: null,
108 verbose parsed url   host: null,
108 verbose parsed url   port: null,
108 verbose parsed url   hostname: null,
108 verbose parsed url   hash: null,
108 verbose parsed url   search: null,
108 verbose parsed url   query: null,
108 verbose parsed url   pathname: 'reflect-metadata@^0.1.3',
108 verbose parsed url   path: 'reflect-metadata@^0.1.3',
108 verbose parsed url   href: 'reflect-metadata@^0.1.3' }
109 verbose cache add name="reflect-metadata" spec="^0.1.3" args=["reflect-metadata","^0.1.3"]
110 verbose parsed url { protocol: null,
110 verbose parsed url   slashes: null,
110 verbose parsed url   auth: null,
110 verbose parsed url   host: null,
110 verbose parsed url   port: null,
110 verbose parsed url   hostname: null,
110 verbose parsed url   hash: null,
110 verbose parsed url   search: null,
110 verbose parsed url   query: null,
110 verbose parsed url   pathname: '^0.1.3',
110 verbose parsed url   path: '^0.1.3',
110 verbose parsed url   href: '^0.1.3' }
111 verbose addNamed [ 'reflect-metadata', '^0.1.3' ]
112 verbose addNamed [ null, null ]
113 verbose cache add [ 'rxjs@5.0.0-beta.11', null ]
114 verbose cache add name=undefined spec="rxjs@5.0.0-beta.11" args=["rxjs@5.0.0-beta.11",null]
115 verbose parsed url { protocol: null,
115 verbose parsed url   slashes: null,
115 verbose parsed url   auth: null,
115 verbose parsed url   host: null,
115 verbose parsed url   port: null,
115 verbose parsed url   hostname: null,
115 verbose parsed url   hash: null,
115 verbose parsed url   search: null,
115 verbose parsed url   query: null,
115 verbose parsed url   pathname: 'rxjs@5.0.0-beta.11',
115 verbose parsed url   path: 'rxjs@5.0.0-beta.11',
115 verbose parsed url   href: 'rxjs@5.0.0-beta.11' }
116 verbose cache add name="rxjs" spec="5.0.0-beta.11" args=["rxjs","5.0.0-beta.11"]
117 verbose parsed url { protocol: null,
117 verbose parsed url   slashes: null,
117 verbose parsed url   auth: null,
117 verbose parsed url   host: null,
117 verbose parsed url   port: null,
117 verbose parsed url   hostname: null,
117 verbose parsed url   hash: null,
117 verbose parsed url   search: null,
117 verbose parsed url   query: null,
117 verbose parsed url   pathname: '5.0.0-beta.11',
117 verbose parsed url   path: '5.0.0-beta.11',
117 verbose parsed url   href: '5.0.0-beta.11' }
118 verbose addNamed [ 'rxjs', '5.0.0-beta.11' ]
119 verbose addNamed [ '5.0.0-beta.11', '5.0.0-beta.11' ]
120 verbose cache add [ 'systemjs@0.19.27', null ]
121 verbose cache add name=undefined spec="systemjs@0.19.27" args=["systemjs@0.19.27",null]
122 verbose parsed url { protocol: null,
122 verbose parsed url   slashes: null,
122 verbose parsed url   auth: null,
122 verbose parsed url   host: null,
122 verbose parsed url   port: null,
122 verbose parsed url   hostname: null,
122 verbose parsed url   hash: null,
122 verbose parsed url   search: null,
122 verbose parsed url   query: null,
122 verbose parsed url   pathname: 'systemjs@0.19.27',
122 verbose parsed url   path: 'systemjs@0.19.27',
122 verbose parsed url   href: 'systemjs@0.19.27' }
123 verbose cache add name="systemjs" spec="0.19.27" args=["systemjs","0.19.27"]
124 verbose parsed url { protocol: null,
124 verbose parsed url   slashes: null,
124 verbose parsed url   auth: null,
124 verbose parsed url   host: null,
124 verbose parsed url   port: null,
124 verbose parsed url   hostname: null,
124 verbose parsed url   hash: null,
124 verbose parsed url   search: null,
124 verbose parsed url   query: null,
124 verbose parsed url   pathname: '0.19.27',
124 verbose parsed url   path: '0.19.27',
124 verbose parsed url   href: '0.19.27' }
125 verbose addNamed [ 'systemjs', '0.19.27' ]
126 verbose addNamed [ '0.19.27', '0.19.27' ]
127 verbose cache add [ 'zone.js@^0.6.17', null ]
128 verbose cache add name=undefined spec="zone.js@^0.6.17" args=["zone.js@^0.6.17",null]
129 verbose parsed url { protocol: null,
129 verbose parsed url   slashes: null,
129 verbose parsed url   auth: null,
129 verbose parsed url   host: null,
129 verbose parsed url   port: null,
129 verbose parsed url   hostname: null,
129 verbose parsed url   hash: null,
129 verbose parsed url   search: null,
129 verbose parsed url   query: null,
129 verbose parsed url   pathname: 'zone.js@^0.6.17',
129 verbose parsed url   path: 'zone.js@^0.6.17',
129 verbose parsed url   href: 'zone.js@^0.6.17' }
130 verbose cache add name="zone.js" spec="^0.6.17" args=["zone.js","^0.6.17"]
131 verbose parsed url { protocol: null,
131 verbose parsed url   slashes: null,
131 verbose parsed url   auth: null,
131 verbose parsed url   host: null,
131 verbose parsed url   port: null,
131 verbose parsed url   hostname: null,
131 verbose parsed url   hash: null,
131 verbose parsed url   search: null,
131 verbose parsed url   query: null,
131 verbose parsed url   pathname: '^0.6.17',
131 verbose parsed url   path: '^0.6.17',
131 verbose parsed url   href: '^0.6.17' }
132 verbose addNamed [ 'zone.js', '^0.6.17' ]
133 verbose addNamed [ null, null ]
134 silly lockFile 4785cc58-angular-common-2-0-0-rc-6 angular/common@2.0.0-rc.6
135 verbose lock angular/common@2.0.0-rc.6 C:\Users\S\AppData\Roaming\npm-cache\4785cc58-angular-common-2-0-0-rc-6.lock
136 silly lockFile 29426f1e-angular-compiler-2-0-0-rc-6 angular/compiler@2.0.0-rc.6
137 verbose lock angular/compiler@2.0.0-rc.6 C:\Users\S\AppData\Roaming\npm-cache\29426f1e-angular-compiler-2-0-0-rc-6.lock
138 silly lockFile de7d956c-angular-compiler-cli-0-6-0 angular/compiler-cli@0.6.0
139 verbose lock angular/compiler-cli@0.6.0 C:\Users\S\AppData\Roaming\npm-cache\de7d956c-angular-compiler-cli-0-6-0.lock
140 silly lockFile fb06e290-angular-core-2-0-0-rc-6 angular/core@2.0.0-rc.6
141 verbose lock angular/core@2.0.0-rc.6 C:\Users\S\AppData\Roaming\npm-cache\fb06e290-angular-core-2-0-0-rc-6.lock
142 silly lockFile a3bdfcd3-angular-forms-2-0-0-rc-6 angular/forms@2.0.0-rc.6
143 verbose lock angular/forms@2.0.0-rc.6 C:\Users\S\AppData\Roaming\npm-cache\a3bdfcd3-angular-forms-2-0-0-rc-6.lock
144 silly lockFile 615b9513-angular-http-2-0-0-rc-6 angular/http@2.0.0-rc.6
145 verbose lock angular/http@2.0.0-rc.6 C:\Users\S\AppData\Roaming\npm-cache\615b9513-angular-http-2-0-0-rc-6.lock
146 silly lockFile 58a41613-ular-platform-browser-2-0-0-rc-6 angular/platform-browser@2.0.0-rc.6
147 verbose lock angular/platform-browser@2.0.0-rc.6 C:\Users\S\AppData\Roaming\npm-cache\58a41613-ular-platform-browser-2-0-0-rc-6.lock
148 silly lockFile 8ed9f82b-angular-router-3-0-0-rc-2 angular/router@3.0.0-rc.2
149 verbose lock angular/router@3.0.0-rc.2 C:\Users\S\AppData\Roaming\npm-cache\8ed9f82b-angular-router-3-0-0-rc-2.lock
150 silly lockFile 7e04eb60-tform-browser-dynamic-2-0-0-rc-6 angular/platform-browser-dynamic@2.0.0-rc.6
151 verbose lock angular/platform-browser-dynamic@2.0.0-rc.6 C:\Users\S\AppData\Roaming\npm-cache\7e04eb60-tform-browser-dynamic-2-0-0-rc-6.lock
152 silly lockFile 5f86e0b4-angular-upgrade-2-0-0-rc-6 angular/upgrade@2.0.0-rc.6
153 verbose lock angular/upgrade@2.0.0-rc.6 C:\Users\S\AppData\Roaming\npm-cache\5f86e0b4-angular-upgrade-2-0-0-rc-6.lock
154 silly lockFile a299e77f-core-js-2-4-1 core-js@^2.4.1
155 verbose lock core-js@^2.4.1 C:\Users\S\AppData\Roaming\npm-cache\a299e77f-core-js-2-4-1.lock
156 silly lockFile e82b3467-reflect-metadata-0-1-3 reflect-metadata@^0.1.3
157 verbose lock reflect-metadata@^0.1.3 C:\Users\S\AppData\Roaming\npm-cache\e82b3467-reflect-metadata-0-1-3.lock
158 silly lockFile 6c5196bb-rxjs-5-0-0-beta-11 rxjs@5.0.0-beta.11
159 verbose lock rxjs@5.0.0-beta.11 C:\Users\S\AppData\Roaming\npm-cache\6c5196bb-rxjs-5-0-0-beta-11.lock
160 silly lockFile 2ad76a57-systemjs-0-19-27 systemjs@0.19.27
161 verbose lock systemjs@0.19.27 C:\Users\S\AppData\Roaming\npm-cache\2ad76a57-systemjs-0-19-27.lock
162 silly lockFile 514368d5-zone-js-0-6-17 zone.js@^0.6.17
163 verbose lock zone.js@^0.6.17 C:\Users\S\AppData\Roaming\npm-cache\514368d5-zone-js-0-6-17.lock
164 verbose cache add [ 'concurrently@^2.2.0', null ]
165 verbose cache add name=undefined spec="concurrently@^2.2.0" args=["concurrently@^2.2.0",null]
166 verbose parsed url { protocol: null,
166 verbose parsed url   slashes: null,
166 verbose parsed url   auth: null,
166 verbose parsed url   host: null,
166 verbose parsed url   port: null,
166 verbose parsed url   hostname: null,
166 verbose parsed url   hash: null,
166 verbose parsed url   search: null,
166 verbose parsed url   query: null,
166 verbose parsed url   pathname: 'concurrently@^2.2.0',
166 verbose parsed url   path: 'concurrently@^2.2.0',
166 verbose parsed url   href: 'concurrently@^2.2.0' }
167 verbose cache add name="concurrently" spec="^2.2.0" args=["concurrently","^2.2.0"]
168 verbose parsed url { protocol: null,
168 verbose parsed url   slashes: null,
168 verbose parsed url   auth: null,
168 verbose parsed url   host: null,
168 verbose parsed url   port: null,
168 verbose parsed url   hostname: null,
168 verbose parsed url   hash: null,
168 verbose parsed url   search: null,
168 verbose parsed url   query: null,
168 verbose parsed url   pathname: '^2.2.0',
168 verbose parsed url   path: '^2.2.0',
168 verbose parsed url   href: '^2.2.0' }
169 verbose addNamed [ 'concurrently', '^2.2.0' ]
170 verbose addNamed [ null, null ]
171 silly lockFile 930219fa-concurrently-2-2-0 concurrently@^2.2.0
172 verbose lock concurrently@^2.2.0 C:\Users\S\AppData\Roaming\npm-cache\930219fa-concurrently-2-2-0.lock
173 verbose cache add [ 'lite-server@^2.2.2', null ]
174 verbose cache add name=undefined spec="lite-server@^2.2.2" args=["lite-server@^2.2.2",null]
175 verbose parsed url { protocol: null,
175 verbose parsed url   slashes: null,
175 verbose parsed url   auth: null,
175 verbose parsed url   host: null,
175 verbose parsed url   port: null,
175 verbose parsed url   hostname: null,
175 verbose parsed url   hash: null,
175 verbose parsed url   search: null,
175 verbose parsed url   query: null,
175 verbose parsed url   pathname: 'lite-server@^2.2.2',
175 verbose parsed url   path: 'lite-server@^2.2.2',
175 verbose parsed url   href: 'lite-server@^2.2.2' }
176 verbose cache add name="lite-server" spec="^2.2.2" args=["lite-server","^2.2.2"]
177 verbose parsed url { protocol: null,
177 verbose parsed url   slashes: null,
177 verbose parsed url   auth: null,
177 verbose parsed url   host: null,
177 verbose parsed url   port: null,
177 verbose parsed url   hostname: null,
177 verbose parsed url   hash: null,
177 verbose parsed url   search: null,
177 verbose parsed url   query: null,
177 verbose parsed url   pathname: '^2.2.2',
177 verbose parsed url   path: '^2.2.2',
177 verbose parsed url   href: '^2.2.2' }
178 verbose addNamed [ 'lite-server', '^2.2.2' ]
179 verbose addNamed [ null, null ]
180 silly lockFile d52e2048-lite-server-2-2-2 lite-server@^2.2.2
181 verbose lock lite-server@^2.2.2 C:\Users\S\AppData\Roaming\npm-cache\d52e2048-lite-server-2-2-2.lock
182 verbose cache add [ 'angular2-in-memory-web-api@0.0.18', null ]
183 verbose cache add name=undefined spec="angular2-in-memory-web-api@0.0.18" args=["angular2-in-memory-web-api@0.0.18",null]
184 verbose parsed url { protocol: null,
184 verbose parsed url   slashes: null,
184 verbose parsed url   auth: null,
184 verbose parsed url   host: null,
184 verbose parsed url   port: null,
184 verbose parsed url   hostname: null,
184 verbose parsed url   hash: null,
184 verbose parsed url   search: null,
184 verbose parsed url   query: null,
184 verbose parsed url   pathname: 'angular2-in-memory-web-api@0.0.18',
184 verbose parsed url   path: 'angular2-in-memory-web-api@0.0.18',
184 verbose parsed url   href: 'angular2-in-memory-web-api@0.0.18' }
185 verbose cache add name="angular2-in-memory-web-api" spec="0.0.18" args=["angular2-in-memory-web-api","0.0.18"]
186 verbose parsed url { protocol: null,
186 verbose parsed url   slashes: null,
186 verbose parsed url   auth: null,
186 verbose parsed url   host: null,
186 verbose parsed url   port: null,
186 verbose parsed url   hostname: null,
186 verbose parsed url   hash: null,
186 verbose parsed url   search: null,
186 verbose parsed url   query: null,
186 verbose parsed url   pathname: '0.0.18',
186 verbose parsed url   path: '0.0.18',
186 verbose parsed url   href: '0.0.18' }
187 verbose addNamed [ 'angular2-in-memory-web-api', '0.0.18' ]
188 verbose addNamed [ '0.0.18', '0.0.18' ]
189 silly lockFile 63b9e01f-ngular2-in-memory-web-api-0-0-18 angular2-in-memory-web-api@0.0.18
190 verbose lock angular2-in-memory-web-api@0.0.18 C:\Users\S\AppData\Roaming\npm-cache\63b9e01f-ngular2-in-memory-web-api-0-0-18.lock
191 verbose cache add [ 'typescript@^1.8.10', null ]
192 verbose cache add name=undefined spec="typescript@^1.8.10" args=["typescript@^1.8.10",null]
193 verbose parsed url { protocol: null,
193 verbose parsed url   slashes: null,
193 verbose parsed url   auth: null,
193 verbose parsed url   host: null,
193 verbose parsed url   port: null,
193 verbose parsed url   hostname: null,
193 verbose parsed url   hash: null,
193 verbose parsed url   search: null,
193 verbose parsed url   query: null,
193 verbose parsed url   pathname: 'typescript@^1.8.10',
193 verbose parsed url   path: 'typescript@^1.8.10',
193 verbose parsed url   href: 'typescript@^1.8.10' }
194 verbose cache add name="typescript" spec="^1.8.10" args=["typescript","^1.8.10"]
195 verbose parsed url { protocol: null,
195 verbose parsed url   slashes: null,
195 verbose parsed url   auth: null,
195 verbose parsed url   host: null,
195 verbose parsed url   port: null,
195 verbose parsed url   hostname: null,
195 verbose parsed url   hash: null,
195 verbose parsed url   search: null,
195 verbose parsed url   query: null,
195 verbose parsed url   pathname: '^1.8.10',
195 verbose parsed url   path: '^1.8.10',
195 verbose parsed url   href: '^1.8.10' }
196 verbose addNamed [ 'typescript', '^1.8.10' ]
197 verbose addNamed [ null, null ]
198 silly lockFile 9c6da458-typescript-1-8-10 typescript@^1.8.10
199 verbose lock typescript@^1.8.10 C:\Users\S\AppData\Roaming\npm-cache\9c6da458-typescript-1-8-10.lock
200 verbose cache add [ 'bootstrap@^3.3.6', null ]
201 verbose cache add name=undefined spec="bootstrap@^3.3.6" args=["bootstrap@^3.3.6",null]
202 verbose parsed url { protocol: null,
202 verbose parsed url   slashes: null,
202 verbose parsed url   auth: null,
202 verbose parsed url   host: null,
202 verbose parsed url   port: null,
202 verbose parsed url   hostname: null,
202 verbose parsed url   hash: null,
202 verbose parsed url   search: null,
202 verbose parsed url   query: null,
202 verbose parsed url   pathname: 'bootstrap@^3.3.6',
202 verbose parsed url   path: 'bootstrap@^3.3.6',
202 verbose parsed url   href: 'bootstrap@^3.3.6' }
203 verbose cache add name="bootstrap" spec="^3.3.6" args=["bootstrap","^3.3.6"]
204 verbose parsed url { protocol: null,
204 verbose parsed url   slashes: null,
204 verbose parsed url   auth: null,
204 verbose parsed url   host: null,
204 verbose parsed url   port: null,
204 verbose parsed url   hostname: null,
204 verbose parsed url   hash: null,
204 verbose parsed url   search: null,
204 verbose parsed url   query: null,
204 verbose parsed url   pathname: '^3.3.6',
204 verbose parsed url   path: '^3.3.6',
204 verbose parsed url   href: '^3.3.6' }
205 verbose addNamed [ 'bootstrap', '^3.3.6' ]
206 verbose addNamed [ null, null ]
207 silly lockFile 2b45a5a4-bootstrap-3-3-6 bootstrap@^3.3.6
208 verbose lock bootstrap@^3.3.6 C:\Users\S\AppData\Roaming\npm-cache\2b45a5a4-bootstrap-3-3-6.lock
209 verbose cache add [ 'typings@^1.3.2', null ]
210 verbose cache add name=undefined spec="typings@^1.3.2" args=["typings@^1.3.2",null]
211 verbose parsed url { protocol: null,
211 verbose parsed url   slashes: null,
211 verbose parsed url   auth: null,
211 verbose parsed url   host: null,
211 verbose parsed url   port: null,
211 verbose parsed url   hostname: null,
211 verbose parsed url   hash: null,
211 verbose parsed url   search: null,
211 verbose parsed url   query: null,
211 verbose parsed url   pathname: 'typings@^1.3.2',
211 verbose parsed url   path: 'typings@^1.3.2',
211 verbose parsed url   href: 'typings@^1.3.2' }
212 verbose cache add name="typings" spec="^1.3.2" args=["typings","^1.3.2"]
213 verbose parsed url { protocol: null,
213 verbose parsed url   slashes: null,
213 verbose parsed url   auth: null,
213 verbose parsed url   host: null,
213 verbose parsed url   port: null,
213 verbose parsed url   hostname: null,
213 verbose parsed url   hash: null,
213 verbose parsed url   search: null,
213 verbose parsed url   query: null,
213 verbose parsed url   pathname: '^1.3.2',
213 verbose parsed url   path: '^1.3.2',
213 verbose parsed url   href: '^1.3.2' }
214 verbose addNamed [ 'typings', '^1.3.2' ]
215 verbose addNamed [ null, null ]
216 silly lockFile 477ed876-typings-1-3-2 typings@^1.3.2
217 verbose lock typings@^1.3.2 C:\Users\S\AppData\Roaming\npm-cache\477ed876-typings-1-3-2.lock
218 verbose url raw angular/compiler/2.0.0-rc.6
219 verbose url resolving [ 'https://registry.npmjs.org/',
219 verbose url resolving   './angular/compiler/2.0.0-rc.6' ]
220 verbose url resolved https://registry.npmjs.org/angular/compiler/2.0.0-rc.6
221 info trying registry request attempt 1 at 23:46:15
222 http GET https://registry.npmjs.org/angular/compiler/2.0.0-rc.6
223 verbose url raw angular/common/2.0.0-rc.6
224 verbose url resolving [ 'https://registry.npmjs.org/', './angular/common/2.0.0-rc.6' ]
225 verbose url resolved https://registry.npmjs.org/angular/common/2.0.0-rc.6
226 info trying registry request attempt 1 at 23:46:15
227 http GET https://registry.npmjs.org/angular/common/2.0.0-rc.6
228 verbose url raw angular/core/2.0.0-rc.6
229 verbose url resolving [ 'https://registry.npmjs.org/', './angular/core/2.0.0-rc.6' ]
230 verbose url resolved https://registry.npmjs.org/angular/core/2.0.0-rc.6
231 info trying registry request attempt 1 at 23:46:15
232 http GET https://registry.npmjs.org/angular/core/2.0.0-rc.6
233 verbose url raw angular/compiler-cli/0.6.0
234 verbose url resolving [ 'https://registry.npmjs.org/',
234 verbose url resolving   './angular/compiler-cli/0.6.0' ]
235 verbose url resolved https://registry.npmjs.org/angular/compiler-cli/0.6.0
236 info trying registry request attempt 1 at 23:46:15
237 http GET https://registry.npmjs.org/angular/compiler-cli/0.6.0
238 verbose url raw angular/forms/2.0.0-rc.6
239 verbose url resolving [ 'https://registry.npmjs.org/', './angular/forms/2.0.0-rc.6' ]
240 verbose url resolved https://registry.npmjs.org/angular/forms/2.0.0-rc.6
241 info trying registry request attempt 1 at 23:46:15
242 http GET https://registry.npmjs.org/angular/forms/2.0.0-rc.6
243 silly addNameRange { name: 'reflect-metadata', range: '*', hasData: false }
244 silly addNameRange { name: 'core-js', range: '*', hasData: false }
245 silly addNameRange { name: 'typings', range: '*', hasData: false }
246 silly addNameRange { name: 'lite-server', range: '*', hasData: false }
247 silly addNameRange { name: 'concurrently', range: '*', hasData: false }
248 silly addNameRange { name: 'typescript', range: '*', hasData: false }
249 silly addNameRange { name: 'bootstrap', range: '*', hasData: false }
250 silly addNameRange { name: 'zone.js', range: '*', hasData: false }
251 verbose url raw angular/http/2.0.0-rc.6
252 verbose url resolving [ 'https://registry.npmjs.org/', './angular/http/2.0.0-rc.6' ]
253 verbose url resolved https://registry.npmjs.org/angular/http/2.0.0-rc.6
254 info trying registry request attempt 1 at 23:46:15
255 http GET https://registry.npmjs.org/angular/http/2.0.0-rc.6
256 verbose url raw angular/router/3.0.0-rc.2
257 verbose url resolving [ 'https://registry.npmjs.org/', './angular/router/3.0.0-rc.2' ]
258 verbose url resolved https://registry.npmjs.org/angular/router/3.0.0-rc.2
259 info trying registry request attempt 1 at 23:46:15
260 http GET https://registry.npmjs.org/angular/router/3.0.0-rc.2
261 verbose url raw angular/platform-browser/2.0.0-rc.6
262 verbose url resolving [ 'https://registry.npmjs.org/',
262 verbose url resolving   './angular/platform-browser/2.0.0-rc.6' ]
263 verbose url resolved https://registry.npmjs.org/angular/platform-browser/2.0.0-rc.6
264 info trying registry request attempt 1 at 23:46:15
265 http GET https://registry.npmjs.org/angular/platform-browser/2.0.0-rc.6
266 verbose url raw angular/platform-browser-dynamic/2.0.0-rc.6
267 verbose url resolving [ 'https://registry.npmjs.org/',
267 verbose url resolving   './angular/platform-browser-dynamic/2.0.0-rc.6' ]
268 verbose url resolved https://registry.npmjs.org/angular/platform-browser-dynamic/2.0.0-rc.6
269 info trying registry request attempt 1 at 23:46:15
270 http GET https://registry.npmjs.org/angular/platform-browser-dynamic/2.0.0-rc.6
271 verbose url raw angular/upgrade/2.0.0-rc.6
272 verbose url resolving [ 'https://registry.npmjs.org/',
272 verbose url resolving   './angular/upgrade/2.0.0-rc.6' ]
273 verbose url resolved https://registry.npmjs.org/angular/upgrade/2.0.0-rc.6
274 info trying registry request attempt 1 at 23:46:15
275 http GET https://registry.npmjs.org/angular/upgrade/2.0.0-rc.6
276 verbose url raw systemjs/0.19.27
277 verbose url resolving [ 'https://registry.npmjs.org/', './systemjs/0.19.27' ]
278 verbose url resolved https://registry.npmjs.org/systemjs/0.19.27
279 info trying registry request attempt 1 at 23:46:15
280 http GET https://registry.npmjs.org/systemjs/0.19.27
281 verbose url raw angular2-in-memory-web-api/0.0.18
282 verbose url resolving [ 'https://registry.npmjs.org/',
282 verbose url resolving   './angular2-in-memory-web-api/0.0.18' ]
283 verbose url resolved https://registry.npmjs.org/angular2-in-memory-web-api/0.0.18
284 info trying registry request attempt 1 at 23:46:15
285 http GET https://registry.npmjs.org/angular2-in-memory-web-api/0.0.18
286 verbose url raw rxjs/5.0.0-beta.11
287 verbose url resolving [ 'https://registry.npmjs.org/', './rxjs/5.0.0-beta.11' ]
288 verbose url resolved https://registry.npmjs.org/rxjs/5.0.0-beta.11
289 info trying registry request attempt 1 at 23:46:15
290 http GET https://registry.npmjs.org/rxjs/5.0.0-beta.11
291 verbose url raw reflect-metadata
292 verbose url resolving [ 'https://registry.npmjs.org/', './reflect-metadata' ]
293 verbose url resolved https://registry.npmjs.org/reflect-metadata
294 info trying registry request attempt 1 at 23:46:15
295 verbose etag "3FUNPAFFOC9BUD78M5LTTM94C"
296 http GET https://registry.npmjs.org/reflect-metadata
297 verbose url raw lite-server
298 verbose url resolving [ 'https://registry.npmjs.org/', './lite-server' ]
299 verbose url resolved https://registry.npmjs.org/lite-server
300 info trying registry request attempt 1 at 23:46:15
301 verbose etag "3GZVV7FK1AQYHSLX2QMSOXYCW"
302 http GET https://registry.npmjs.org/lite-server
303 verbose url raw core-js
304 verbose url resolving [ 'https://registry.npmjs.org/', './core-js' ]
305 verbose url resolved https://registry.npmjs.org/core-js
306 info trying registry request attempt 1 at 23:46:15
307 verbose etag "AKM8F7BW9SAJK3CWSOMJQB1P8"
308 http GET https://registry.npmjs.org/core-js
309 verbose url raw concurrently
310 verbose url resolving [ 'https://registry.npmjs.org/', './concurrently' ]
311 verbose url resolved https://registry.npmjs.org/concurrently
312 info trying registry request attempt 1 at 23:46:15
313 verbose etag "14T5F2DFZLK5IX7ROV6VIIGAM"
314 http GET https://registry.npmjs.org/concurrently
315 verbose url raw bootstrap
316 verbose url resolving [ 'https://registry.npmjs.org/', './bootstrap' ]
317 verbose url resolved https://registry.npmjs.org/bootstrap
318 info trying registry request attempt 1 at 23:46:15
319 verbose etag "8CRZGV7TMOTDEEH4JS6NDL1ZY"
320 http GET https://registry.npmjs.org/bootstrap
321 verbose url raw typings
322 verbose url resolving [ 'https://registry.npmjs.org/', './typings' ]
323 verbose url resolved https://registry.npmjs.org/typings
324 info trying registry request attempt 1 at 23:46:15
325 verbose etag "9SLAJI800GMJL3NH0RUX8HBK7"
326 http GET https://registry.npmjs.org/typings
327 verbose url raw zone.js
328 verbose url resolving [ 'https://registry.npmjs.org/', './zone.js' ]
329 verbose url resolved https://registry.npmjs.org/zone.js
330 info trying registry request attempt 1 at 23:46:15
331 verbose etag "9O75UI4GI2SRU6VRTA71TFWOZ"
332 http GET https://registry.npmjs.org/zone.js
333 verbose url raw typescript
334 verbose url resolving [ 'https://registry.npmjs.org/', './typescript' ]
335 verbose url resolved https://registry.npmjs.org/typescript
336 info trying registry request attempt 1 at 23:46:15
337 verbose etag "2P7V5WHJ2U5Z52GKIH14ADATY"
338 http GET https://registry.npmjs.org/typescript
339 http 404 https://registry.npmjs.org/angular/compiler/2.0.0-rc.6
340 silly registry.get cb [ 404,
340 silly registry.get   { server: 'CouchDB/1.5.0 (Erlang OTP/R16B03)',
340 silly registry.get     'content-type': 'application/json',
340 silly registry.get     'cache-control': 'max-age=0',
340 silly registry.get     'content-length': '40',
340 silly registry.get     'accept-ranges': 'bytes',
340 silly registry.get     date: 'Thu, 08 Sep 2016 03:46:14 GMT',
340 silly registry.get     via: '1.1 varnish',
340 silly registry.get     age: '0',
340 silly registry.get     connection: 'keep-alive',
340 silly registry.get     'x-served-by': 'cache-jfk8148-JFK',
340 silly registry.get     'x-cache': 'MISS',
340 silly registry.get     'x-cache-hits': '0',
340 silly registry.get     'x-timer': 'S1473306374.103592,VS0,VE26' } ]
341 silly lockFile 29426f1e-angular-compiler-2-0-0-rc-6 angular/compiler@2.0.0-rc.6
342 silly lockFile 29426f1e-angular-compiler-2-0-0-rc-6 angular/compiler@2.0.0-rc.6
343 error 404 'angular' is not in the npm registry.
343 error 404 You should bug the author to publish it
343 error 404
343 error 404 Note that you can also install from a
343 error 404 tarball, folder, or http url, or git url.
344 error System Windows_NT 6.2.9200
345 error command "C:\\Program Files (x86)\\nodejs\\\\node.exe" "C:\\Program Files (x86)\\nodejs\\node_modules\\npm\\bin\\npm-cli.js" "install"
346 error cwd C:\Users\S\Documents\GitHub\BeVertGranola
347 error node -v v0.10.13
348 error npm -v 1.3.2
349 error code E404
350 verbose exit [ 1, true ]
